2014-08-21 09:53:33.149-04:00 MTNLCND131D265.acct04.us.lmco.com CRRHP0010I File C:\Users\watsonjc\Documents\Work Folder\CE&T\Systems Modeling COE\OMG\SysML Roadmap\SystemsEngDevelopmentEnv\SysEngDevEnv.rpw 
 Error (line 390) - count is not a registered class in IRPYObjectBroker

2014-08-21 09:53:33.149-04:00 MTNLCND131D265.acct04.us.lmco.com CRRHP0010I File C:\Users\watsonjc\Documents\Work Folder\CE&T\Systems Modeling COE\OMG\SysML Roadmap\SystemsEngDevelopmentEnv\SysEngDevEnv.rpw 
 Error (line 390) - Found unexpected or superfluous attribute value. 


2014-08-21 09:53:33.165-04:00 MTNLCND131D265.acct04.us.lmco.com CRRHP0010I File C:\Users\watsonjc\Documents\Work Folder\CE&T\Systems Modeling COE\OMG\SysML Roadmap\SystemsEngDevelopmentEnv\SysEngDevEnv.rpw 
 Error (line 391) - Found unexpected or superfluous object. 


2014-08-21 09:53:33.165-04:00 MTNLCND131D265.acct04.us.lmco.com CRRHP0010I File C:\Users\watsonjc\Documents\Work Folder\CE&T\Systems Modeling COE\OMG\SysML Roadmap\SystemsEngDevelopmentEnv\SysEngDevEnv.rpw 
 Error (line 391) - Failed to find object type


2014-08-21 09:53:33.165-04:00 MTNLCND131D265.acct04.us.lmco.com CRRHP0010I File C:\Users\watsonjc\Documents\Work Folder\CE&T\Systems Modeling COE\OMG\SysML Roadmap\SystemsEngDevelopmentEnv\SysEngDevEnv.rpw 
 Error (line 391) - Found unexpected or superfluous Attribute favoritesItem. 


2014-08-21 09:53:33.165-04:00 MTNLCND131D265.acct04.us.lmco.com CRRHP0010I File C:\Users\watsonjc\Documents\Work Folder\CE&T\Systems Modeling COE\OMG\SysML Roadmap\SystemsEngDevelopmentEnv\SysEngDevEnv.rpw 
 Error (line 392) - Missing rpyAAttrName2Value in unknown attribute


2014-08-21 09:53:33.165-04:00 MTNLCND131D265.acct04.us.lmco.com CRRHP0010I File C:\Users\watsonjc\Documents\Work Folder\CE&T\Systems Modeling COE\OMG\SysML Roadmap\SystemsEngDevelopmentEnv\SysEngDevEnv.rpw 
 Error (line 392) - Found unexpected or superfluous attribute value. 


2014-08-21 09:53:33.165-04:00 MTNLCND131D265.acct04.us.lmco.com CRRHP0010I File C:\Users\watsonjc\Documents\Work Folder\CE&T\Systems Modeling COE\OMG\SysML Roadmap\SystemsEngDevelopmentEnv\SysEngDevEnv.rpw 
 Error (line 393) - Found unexpected or superfluous attribute value. 


2014-08-21 09:53:33.165-04:00 MTNLCND131D265.acct04.us.lmco.com CRRHP0010I File C:\Users\watsonjc\Documents\Work Folder\CE&T\Systems Modeling COE\OMG\SysML Roadmap\SystemsEngDevelopmentEnv\SysEngDevEnv.rpw 
 Error (line 394) - Found unexpected or superfluous attribute value. 


2014-08-21 09:53:33.165-04:00 MTNLCND131D265.acct04.us.lmco.com CRRHP0010I File C:\Users\watsonjc\Documents\Work Folder\CE&T\Systems Modeling COE\OMG\SysML Roadmap\SystemsEngDevelopmentEnv\SysEngDevEnv.rpw 
 Error (line 400) - count is not a registered class in IRPYObjectBroker

2014-08-21 09:53:33.165-04:00 MTNLCND131D265.acct04.us.lmco.com CRRHP0010I File C:\Users\watsonjc\Documents\Work Folder\CE&T\Systems Modeling COE\OMG\SysML Roadmap\SystemsEngDevelopmentEnv\SysEngDevEnv.rpw 
 Error (line 400) - Found unexpected or superfluous attribute value. 


2014-08-21 09:53:33.165-04:00 MTNLCND131D265.acct04.us.lmco.com CRRHP0010I File C:\Users\watsonjc\Documents\Work Folder\CE&T\Systems Modeling COE\OMG\SysML Roadmap\SystemsEngDevelopmentEnv\SysEngDevEnv.rpw 
 Error (line 401) - Found unexpected or superfluous object. 


2014-08-21 09:53:33.165-04:00 MTNLCND131D265.acct04.us.lmco.com CRRHP0010I File C:\Users\watsonjc\Documents\Work Folder\CE&T\Systems Modeling COE\OMG\SysML Roadmap\SystemsEngDevelopmentEnv\SysEngDevEnv.rpw 
 Error (line 401) - Failed to find object type


2014-08-21 09:53:33.165-04:00 MTNLCND131D265.acct04.us.lmco.com CRRHP0010I File C:\Users\watsonjc\Documents\Work Folder\CE&T\Systems Modeling COE\OMG\SysML Roadmap\SystemsEngDevelopmentEnv\SysEngDevEnv.rpw 
 Error (line 401) - Found unexpected or superfluous Attribute TableMatrixView. 


2014-08-21 09:53:33.165-04:00 MTNLCND131D265.acct04.us.lmco.com CRRHP0010I File C:\Users\watsonjc\Documents\Work Folder\CE&T\Systems Modeling COE\OMG\SysML Roadmap\SystemsEngDevelopmentEnv\SysEngDevEnv.rpw 
 Error (line 402) - Missing rpyAAttrName2Value in unknown attribute


2014-08-21 09:53:33.165-04:00 MTNLCND131D265.acct04.us.lmco.com CRRHP0010I File C:\Users\watsonjc\Documents\Work Folder\CE&T\Systems Modeling COE\OMG\SysML Roadmap\SystemsEngDevelopmentEnv\SysEngDevEnv.rpw 
 Error (line 402) - Found unexpected or superfluous attribute value. 


2014-08-21 09:53:33.165-04:00 MTNLCND131D265.acct04.us.lmco.com CRRHP0010I File C:\Users\watsonjc\Documents\Work Folder\CE&T\Systems Modeling COE\OMG\SysML Roadmap\SystemsEngDevelopmentEnv\SysEngDevEnv.rpw 
 Error (line 402) - Found unexpected or superfluous Attribute e995. 


2014-08-21 09:53:33.165-04:00 MTNLCND131D265.acct04.us.lmco.com CRRHP0010I File C:\Users\watsonjc\Documents\Work Folder\CE&T\Systems Modeling COE\OMG\SysML Roadmap\SystemsEngDevelopmentEnv\SysEngDevEnv.rpw 
 Error (line 402) - Missing rpyAAttrName2Value in unknown attribute


2014-08-21 09:53:33.165-04:00 MTNLCND131D265.acct04.us.lmco.com CRRHP0010I File C:\Users\watsonjc\Documents\Work Folder\CE&T\Systems Modeling COE\OMG\SysML Roadmap\SystemsEngDevelopmentEnv\SysEngDevEnv.rpw 
 Error (line 402) - Found unexpected or superfluous Attribute 4f3e. 


2014-08-21 09:53:33.165-04:00 MTNLCND131D265.acct04.us.lmco.com CRRHP0010I File C:\Users\watsonjc\Documents\Work Folder\CE&T\Systems Modeling COE\OMG\SysML Roadmap\SystemsEngDevelopmentEnv\SysEngDevEnv.rpw 
 Error (line 402) - Missing rpyAAttrName2Value in unknown attribute


2014-08-21 09:53:33.165-04:00 MTNLCND131D265.acct04.us.lmco.com CRRHP0010I File C:\Users\watsonjc\Documents\Work Folder\CE&T\Systems Modeling COE\OMG\SysML Roadmap\SystemsEngDevelopmentEnv\SysEngDevEnv.rpw 
 Error (line 402) - Found unexpected or superfluous Attribute a5ca. 


2014-08-21 09:53:33.165-04:00 MTNLCND131D265.acct04.us.lmco.com CRRHP0010I File C:\Users\watsonjc\Documents\Work Folder\CE&T\Systems Modeling COE\OMG\SysML Roadmap\SystemsEngDevelopmentEnv\SysEngDevEnv.rpw 
 Error (line 402) - Missing rpyAAttrName2Value in unknown attribute


2014-08-21 09:53:33.165-04:00 MTNLCND131D265.acct04.us.lmco.com CRRHP0010I File C:\Users\watsonjc\Documents\Work Folder\CE&T\Systems Modeling COE\OMG\SysML Roadmap\SystemsEngDevelopmentEnv\SysEngDevEnv.rpw 
 Error (line 402) - Found unexpected or superfluous Attribute ae4bda450fed. 


2014-08-21 09:53:33.165-04:00 MTNLCND131D265.acct04.us.lmco.com CRRHP0010I File C:\Users\watsonjc\Documents\Work Folder\CE&T\Systems Modeling COE\OMG\SysML Roadmap\SystemsEngDevelopmentEnv\SysEngDevEnv.rpw 
 Error (line 402) - Missing rpyAAttrName2Value in unknown attribute


2014-08-21 09:53:33.165-04:00 MTNLCND131D265.acct04.us.lmco.com CRRHP0010I File C:\Users\watsonjc\Documents\Work Folder\CE&T\Systems Modeling COE\OMG\SysML Roadmap\SystemsEngDevelopmentEnv\SysEngDevEnv.rpw 
 Error (line 403) - Found unexpected or superfluous attribute value. 


2014-08-21 09:53:33.165-04:00 MTNLCND131D265.acct04.us.lmco.com CRRHP0010I File C:\Users\watsonjc\Documents\Work Folder\CE&T\Systems Modeling COE\OMG\SysML Roadmap\SystemsEngDevelopmentEnv\SysEngDevEnv.rpw 
 Error (line 405) - Found unexpected or superfluous object. 


2014-08-21 09:53:33.165-04:00 MTNLCND131D265.acct04.us.lmco.com CRRHP0010I File C:\Users\watsonjc\Documents\Work Folder\CE&T\Systems Modeling COE\OMG\SysML Roadmap\SystemsEngDevelopmentEnv\SysEngDevEnv.rpw 
 Error (line 405) - Failed to find object type


2014-08-21 09:53:33.165-04:00 MTNLCND131D265.acct04.us.lmco.com CRRHP0010I File C:\Users\watsonjc\Documents\Work Folder\CE&T\Systems Modeling COE\OMG\SysML Roadmap\SystemsEngDevelopmentEnv\SysEngDevEnv.rpw 
 Error (line 405) - Found unexpected or superfluous Attribute TableMatrixView. 


2014-08-21 09:53:33.165-04:00 MTNLCND131D265.acct04.us.lmco.com CRRHP0010I File C:\Users\watsonjc\Documents\Work Folder\CE&T\Systems Modeling COE\OMG\SysML Roadmap\SystemsEngDevelopmentEnv\SysEngDevEnv.rpw 
 Error (line 406) - Missing rpyAAttrName2Value in unknown attribute


2014-08-21 09:53:33.165-04:00 MTNLCND131D265.acct04.us.lmco.com CRRHP0010I File C:\Users\watsonjc\Documents\Work Folder\CE&T\Systems Modeling COE\OMG\SysML Roadmap\SystemsEngDevelopmentEnv\SysEngDevEnv.rpw 
 Error (line 406) - Found unexpected or superfluous attribute value. 


2014-08-21 09:53:33.165-04:00 MTNLCND131D265.acct04.us.lmco.com CRRHP0010I File C:\Users\watsonjc\Documents\Work Folder\CE&T\Systems Modeling COE\OMG\SysML Roadmap\SystemsEngDevelopmentEnv\SysEngDevEnv.rpw 
 Error (line 406) - Found unexpected or superfluous Attribute 2ce9. 


2014-08-21 09:53:33.165-04:00 MTNLCND131D265.acct04.us.lmco.com CRRHP0010I File C:\Users\watsonjc\Documents\Work Folder\CE&T\Systems Modeling COE\OMG\SysML Roadmap\SystemsEngDevelopmentEnv\SysEngDevEnv.rpw 
 Error (line 406) - Missing rpyAAttrName2Value in unknown attribute


2014-08-21 09:53:33.165-04:00 MTNLCND131D265.acct04.us.lmco.com CRRHP0010I File C:\Users\watsonjc\Documents\Work Folder\CE&T\Systems Modeling COE\OMG\SysML Roadmap\SystemsEngDevelopmentEnv\SysEngDevEnv.rpw 
 Error (line 406) - Found unexpected or superfluous Attribute 4f13. 


2014-08-21 09:53:33.180-04:00 MTNLCND131D265.acct04.us.lmco.com CRRHP0010I File C:\Users\watsonjc\Documents\Work Folder\CE&T\Systems Modeling COE\OMG\SysML Roadmap\SystemsEngDevelopmentEnv\SysEngDevEnv.rpw 
 Error (line 406) - Missing rpyAAttrName2Value in unknown attribute


2014-08-21 09:53:33.180-04:00 MTNLCND131D265.acct04.us.lmco.com CRRHP0010I File C:\Users\watsonjc\Documents\Work Folder\CE&T\Systems Modeling COE\OMG\SysML Roadmap\SystemsEngDevelopmentEnv\SysEngDevEnv.rpw 
 Error (line 406) - Found unexpected or superfluous Attribute b19a. 


2014-08-21 09:53:33.180-04:00 MTNLCND131D265.acct04.us.lmco.com CRRHP0010I File C:\Users\watsonjc\Documents\Work Folder\CE&T\Systems Modeling COE\OMG\SysML Roadmap\SystemsEngDevelopmentEnv\SysEngDevEnv.rpw 
 Error (line 406) - Missing rpyAAttrName2Value in unknown attribute


2014-08-21 09:53:33.180-04:00 MTNLCND131D265.acct04.us.lmco.com CRRHP0010I File C:\Users\watsonjc\Documents\Work Folder\CE&T\Systems Modeling COE\OMG\SysML Roadmap\SystemsEngDevelopmentEnv\SysEngDevEnv.rpw 
 Error (line 406) - Found unexpected or superfluous Attribute fe8fdf37caf7. 


2014-08-21 09:53:33.180-04:00 MTNLCND131D265.acct04.us.lmco.com CRRHP0010I File C:\Users\watsonjc\Documents\Work Folder\CE&T\Systems Modeling COE\OMG\SysML Roadmap\SystemsEngDevelopmentEnv\SysEngDevEnv.rpw 
 Error (line 406) - Missing rpyAAttrName2Value in unknown attribute


2014-08-21 09:53:33.180-04:00 MTNLCND131D265.acct04.us.lmco.com CRRHP0010I File C:\Users\watsonjc\Documents\Work Folder\CE&T\Systems Modeling COE\OMG\SysML Roadmap\SystemsEngDevelopmentEnv\SysEngDevEnv.rpw 
 Error (line 407) - Found unexpected or superfluous attribute value. 


2014-08-21 09:53:33.180-04:00 MTNLCND131D265.acct04.us.lmco.com CRRHP0010I File C:\Users\watsonjc\Documents\Work Folder\CE&T\Systems Modeling COE\OMG\SysML Roadmap\SystemsEngDevelopmentEnv\SysEngDevEnv.rpw 
 Error (line 409) - Found unexpected or superfluous object. 


2014-08-21 09:53:33.180-04:00 MTNLCND131D265.acct04.us.lmco.com CRRHP0010I File C:\Users\watsonjc\Documents\Work Folder\CE&T\Systems Modeling COE\OMG\SysML Roadmap\SystemsEngDevelopmentEnv\SysEngDevEnv.rpw 
 Error (line 409) - Failed to find object type


2014-08-21 09:53:33.180-04:00 MTNLCND131D265.acct04.us.lmco.com CRRHP0010I File C:\Users\watsonjc\Documents\Work Folder\CE&T\Systems Modeling COE\OMG\SysML Roadmap\SystemsEngDevelopmentEnv\SysEngDevEnv.rpw 
 Error (line 409) - Found unexpected or superfluous Attribute TableMatrixView. 


2014-08-21 09:53:33.180-04:00 MTNLCND131D265.acct04.us.lmco.com CRRHP0010I File C:\Users\watsonjc\Documents\Work Folder\CE&T\Systems Modeling COE\OMG\SysML Roadmap\SystemsEngDevelopmentEnv\SysEngDevEnv.rpw 
 Error (line 410) - Missing rpyAAttrName2Value in unknown attribute


2014-08-21 09:53:33.180-04:00 MTNLCND131D265.acct04.us.lmco.com CRRHP0010I File C:\Users\watsonjc\Documents\Work Folder\CE&T\Systems Modeling COE\OMG\SysML Roadmap\SystemsEngDevelopmentEnv\SysEngDevEnv.rpw 
 Error (line 410) - Found unexpected or superfluous attribute value. 


2014-08-21 09:53:33.180-04:00 MTNLCND131D265.acct04.us.lmco.com CRRHP0010I File C:\Users\watsonjc\Documents\Work Folder\CE&T\Systems Modeling COE\OMG\SysML Roadmap\SystemsEngDevelopmentEnv\SysEngDevEnv.rpw 
 Error (line 410) - Found unexpected or superfluous Attribute 2b9b. 


2014-08-21 09:53:33.180-04:00 MTNLCND131D265.acct04.us.lmco.com CRRHP0010I File C:\Users\watsonjc\Documents\Work Folder\CE&T\Systems Modeling COE\OMG\SysML Roadmap\SystemsEngDevelopmentEnv\SysEngDevEnv.rpw 
 Error (line 410) - Missing rpyAAttrName2Value in unknown attribute


2014-08-21 09:53:33.180-04:00 MTNLCND131D265.acct04.us.lmco.com CRRHP0010I File C:\Users\watsonjc\Documents\Work Folder\CE&T\Systems Modeling COE\OMG\SysML Roadmap\SystemsEngDevelopmentEnv\SysEngDevEnv.rpw 
 Error (line 410) - Found unexpected or superfluous Attribute 442f. 


2014-08-21 09:53:33.180-04:00 MTNLCND131D265.acct04.us.lmco.com CRRHP0010I File C:\Users\watsonjc\Documents\Work Folder\CE&T\Systems Modeling COE\OMG\SysML Roadmap\SystemsEngDevelopmentEnv\SysEngDevEnv.rpw 
 Error (line 410) - Missing rpyAAttrName2Value in unknown attribute


2014-08-21 09:53:33.180-04:00 MTNLCND131D265.acct04.us.lmco.com CRRHP0010I File C:\Users\watsonjc\Documents\Work Folder\CE&T\Systems Modeling COE\OMG\SysML Roadmap\SystemsEngDevelopmentEnv\SysEngDevEnv.rpw 
 Error (line 410) - Found unexpected or superfluous Attribute bc74. 


2014-08-21 09:53:33.180-04:00 MTNLCND131D265.acct04.us.lmco.com CRRHP0010I File C:\Users\watsonjc\Documents\Work Folder\CE&T\Systems Modeling COE\OMG\SysML Roadmap\SystemsEngDevelopmentEnv\SysEngDevEnv.rpw 
 Error (line 410) - Missing rpyAAttrName2Value in unknown attribute


2014-08-21 09:53:33.180-04:00 MTNLCND131D265.acct04.us.lmco.com CRRHP0010I File C:\Users\watsonjc\Documents\Work Folder\CE&T\Systems Modeling COE\OMG\SysML Roadmap\SystemsEngDevelopmentEnv\SysEngDevEnv.rpw 
 Error (line 410) - Found unexpected or superfluous Attribute 35a2500268ca. 


2014-08-21 09:53:33.180-04:00 MTNLCND131D265.acct04.us.lmco.com CRRHP0010I File C:\Users\watsonjc\Documents\Work Folder\CE&T\Systems Modeling COE\OMG\SysML Roadmap\SystemsEngDevelopmentEnv\SysEngDevEnv.rpw 
 Error (line 410) - Missing rpyAAttrName2Value in unknown attribute


2014-08-21 09:53:33.180-04:00 MTNLCND131D265.acct04.us.lmco.com CRRHP0010I File C:\Users\watsonjc\Documents\Work Folder\CE&T\Systems Modeling COE\OMG\SysML Roadmap\SystemsEngDevelopmentEnv\SysEngDevEnv.rpw 
 Error (line 411) - Found unexpected or superfluous attribute value. 


2014-08-21 09:53:33.180-04:00 MTNLCND131D265.acct04.us.lmco.com CRRHP0010I File C:\Users\watsonjc\Documents\Work Folder\CE&T\Systems Modeling COE\OMG\SysML Roadmap\SystemsEngDevelopmentEnv\SysEngDevEnv.rpw 
 Error (line 413) - Found unexpected or superfluous object. 


2014-08-21 09:53:33.180-04:00 MTNLCND131D265.acct04.us.lmco.com CRRHP0010I File C:\Users\watsonjc\Documents\Work Folder\CE&T\Systems Modeling COE\OMG\SysML Roadmap\SystemsEngDevelopmentEnv\SysEngDevEnv.rpw 
 Error (line 413) - Failed to find object type


2014-08-21 09:53:33.180-04:00 MTNLCND131D265.acct04.us.lmco.com CRRHP0010I File C:\Users\watsonjc\Documents\Work Folder\CE&T\Systems Modeling COE\OMG\SysML Roadmap\SystemsEngDevelopmentEnv\SysEngDevEnv.rpw 
 Error (line 413) - Found unexpected or superfluous Attribute TableMatrixView. 


2014-08-21 09:53:33.180-04:00 MTNLCND131D265.acct04.us.lmco.com CRRHP0010I File C:\Users\watsonjc\Documents\Work Folder\CE&T\Systems Modeling COE\OMG\SysML Roadmap\SystemsEngDevelopmentEnv\SysEngDevEnv.rpw 
 Error (line 414) - Missing rpyAAttrName2Value in unknown attribute


2014-08-21 09:53:33.180-04:00 MTNLCND131D265.acct04.us.lmco.com CRRHP0010I File C:\Users\watsonjc\Documents\Work Folder\CE&T\Systems Modeling COE\OMG\SysML Roadmap\SystemsEngDevelopmentEnv\SysEngDevEnv.rpw 
 Error (line 414) - Found unexpected or superfluous attribute value. 


2014-08-21 09:53:33.180-04:00 MTNLCND131D265.acct04.us.lmco.com CRRHP0010I File C:\Users\watsonjc\Documents\Work Folder\CE&T\Systems Modeling COE\OMG\SysML Roadmap\SystemsEngDevelopmentEnv\SysEngDevEnv.rpw 
 Error (line 414) - Found unexpected or superfluous Attribute bcba. 


2014-08-21 09:53:33.180-04:00 MTNLCND131D265.acct04.us.lmco.com CRRHP0010I File C:\Users\watsonjc\Documents\Work Folder\CE&T\Systems Modeling COE\OMG\SysML Roadmap\SystemsEngDevelopmentEnv\SysEngDevEnv.rpw 
 Error (line 414) - Missing rpyAAttrName2Value in unknown attribute


2014-08-21 09:53:33.180-04:00 MTNLCND131D265.acct04.us.lmco.com CRRHP0010I File C:\Users\watsonjc\Documents\Work Folder\CE&T\Systems Modeling COE\OMG\SysML Roadmap\SystemsEngDevelopmentEnv\SysEngDevEnv.rpw 
 Error (line 414) - Found unexpected or superfluous Attribute 4ef7. 


2014-08-21 09:53:33.180-04:00 MTNLCND131D265.acct04.us.lmco.com CRRHP0010I File C:\Users\watsonjc\Documents\Work Folder\CE&T\Systems Modeling COE\OMG\SysML Roadmap\SystemsEngDevelopmentEnv\SysEngDevEnv.rpw 
 Error (line 414) - Missing rpyAAttrName2Value in unknown attribute


2014-08-21 09:53:33.180-04:00 MTNLCND131D265.acct04.us.lmco.com CRRHP0010I File C:\Users\watsonjc\Documents\Work Folder\CE&T\Systems Modeling COE\OMG\SysML Roadmap\SystemsEngDevelopmentEnv\SysEngDevEnv.rpw 
 Error (line 414) - Found unexpected or superfluous Attribute bc03. 


2014-08-21 09:53:33.180-04:00 MTNLCND131D265.acct04.us.lmco.com CRRHP0010I File C:\Users\watsonjc\Documents\Work Folder\CE&T\Systems Modeling COE\OMG\SysML Roadmap\SystemsEngDevelopmentEnv\SysEngDevEnv.rpw 
 Error (line 414) - Missing rpyAAttrName2Value in unknown attribute


2014-08-21 09:53:33.180-04:00 MTNLCND131D265.acct04.us.lmco.com CRRHP0010I File C:\Users\watsonjc\Documents\Work Folder\CE&T\Systems Modeling COE\OMG\SysML Roadmap\SystemsEngDevelopmentEnv\SysEngDevEnv.rpw 
 Error (line 414) - Found unexpected or superfluous Attribute 4693d26534da. 


2014-08-21 09:53:33.196-04:00 MTNLCND131D265.acct04.us.lmco.com CRRHP0010I File C:\Users\watsonjc\Documents\Work Folder\CE&T\Systems Modeling COE\OMG\SysML Roadmap\SystemsEngDevelopmentEnv\SysEngDevEnv.rpw 
 Error (line 414) - Missing rpyAAttrName2Value in unknown attribute


2014-08-21 09:53:33.196-04:00 MTNLCND131D265.acct04.us.lmco.com CRRHP0010I File C:\Users\watsonjc\Documents\Work Folder\CE&T\Systems Modeling COE\OMG\SysML Roadmap\SystemsEngDevelopmentEnv\SysEngDevEnv.rpw 
 Error (line 415) - Found unexpected or superfluous attribute value. 


2014-08-21 09:53:33.196-04:00 MTNLCND131D265.acct04.us.lmco.com CRRHP0010I File C:\Users\watsonjc\Documents\Work Folder\CE&T\Systems Modeling COE\OMG\SysML Roadmap\SystemsEngDevelopmentEnv\SysEngDevEnv.rpw 
 Error (line 417) - Found unexpected or superfluous object. 


2014-08-21 09:53:33.196-04:00 MTNLCND131D265.acct04.us.lmco.com CRRHP0010I File C:\Users\watsonjc\Documents\Work Folder\CE&T\Systems Modeling COE\OMG\SysML Roadmap\SystemsEngDevelopmentEnv\SysEngDevEnv.rpw 
 Error (line 417) - Failed to find object type


2014-08-21 09:53:33.196-04:00 MTNLCND131D265.acct04.us.lmco.com CRRHP0010I File C:\Users\watsonjc\Documents\Work Folder\CE&T\Systems Modeling COE\OMG\SysML Roadmap\SystemsEngDevelopmentEnv\SysEngDevEnv.rpw 
 Error (line 417) - Found unexpected or superfluous Attribute TableMatrixView. 


2014-08-21 09:53:33.196-04:00 MTNLCND131D265.acct04.us.lmco.com CRRHP0010I File C:\Users\watsonjc\Documents\Work Folder\CE&T\Systems Modeling COE\OMG\SysML Roadmap\SystemsEngDevelopmentEnv\SysEngDevEnv.rpw 
 Error (line 418) - Missing rpyAAttrName2Value in unknown attribute


2014-08-21 09:53:33.196-04:00 MTNLCND131D265.acct04.us.lmco.com CRRHP0010I File C:\Users\watsonjc\Documents\Work Folder\CE&T\Systems Modeling COE\OMG\SysML Roadmap\SystemsEngDevelopmentEnv\SysEngDevEnv.rpw 
 Error (line 418) - Found unexpected or superfluous attribute value. 


2014-08-21 09:53:33.196-04:00 MTNLCND131D265.acct04.us.lmco.com CRRHP0010I File C:\Users\watsonjc\Documents\Work Folder\CE&T\Systems Modeling COE\OMG\SysML Roadmap\SystemsEngDevelopmentEnv\SysEngDevEnv.rpw 
 Error (line 418) - Found unexpected or superfluous Attribute d4c2. 


2014-08-21 09:53:33.196-04:00 MTNLCND131D265.acct04.us.lmco.com CRRHP0010I File C:\Users\watsonjc\Documents\Work Folder\CE&T\Systems Modeling COE\OMG\SysML Roadmap\SystemsEngDevelopmentEnv\SysEngDevEnv.rpw 
 Error (line 418) - Missing rpyAAttrName2Value in unknown attribute


2014-08-21 09:53:33.196-04:00 MTNLCND131D265.acct04.us.lmco.com CRRHP0010I File C:\Users\watsonjc\Documents\Work Folder\CE&T\Systems Modeling COE\OMG\SysML Roadmap\SystemsEngDevelopmentEnv\SysEngDevEnv.rpw 
 Error (line 418) - Found unexpected or superfluous Attribute 4c85. 


2014-08-21 09:53:33.196-04:00 MTNLCND131D265.acct04.us.lmco.com CRRHP0010I File C:\Users\watsonjc\Documents\Work Folder\CE&T\Systems Modeling COE\OMG\SysML Roadmap\SystemsEngDevelopmentEnv\SysEngDevEnv.rpw 
 Error (line 418) - Missing rpyAAttrName2Value in unknown attribute


2014-08-21 09:53:33.196-04:00 MTNLCND131D265.acct04.us.lmco.com CRRHP0010I File C:\Users\watsonjc\Documents\Work Folder\CE&T\Systems Modeling COE\OMG\SysML Roadmap\SystemsEngDevelopmentEnv\SysEngDevEnv.rpw 
 Error (line 418) - Found unexpected or superfluous Attribute a8c4. 


2014-08-21 09:53:33.196-04:00 MTNLCND131D265.acct04.us.lmco.com CRRHP0010I File C:\Users\watsonjc\Documents\Work Folder\CE&T\Systems Modeling COE\OMG\SysML Roadmap\SystemsEngDevelopmentEnv\SysEngDevEnv.rpw 
 Error (line 418) - Missing rpyAAttrName2Value in unknown attribute


2014-08-21 09:53:33.196-04:00 MTNLCND131D265.acct04.us.lmco.com CRRHP0010I File C:\Users\watsonjc\Documents\Work Folder\CE&T\Systems Modeling COE\OMG\SysML Roadmap\SystemsEngDevelopmentEnv\SysEngDevEnv.rpw 
 Error (line 418) - Found unexpected or superfluous Attribute e1cc20ed1a95. 


2014-08-21 09:53:33.196-04:00 MTNLCND131D265.acct04.us.lmco.com CRRHP0010I File C:\Users\watsonjc\Documents\Work Folder\CE&T\Systems Modeling COE\OMG\SysML Roadmap\SystemsEngDevelopmentEnv\SysEngDevEnv.rpw 
 Error (line 418) - Missing rpyAAttrName2Value in unknown attribute


2014-08-21 09:53:33.196-04:00 MTNLCND131D265.acct04.us.lmco.com CRRHP0010I File C:\Users\watsonjc\Documents\Work Folder\CE&T\Systems Modeling COE\OMG\SysML Roadmap\SystemsEngDevelopmentEnv\SysEngDevEnv.rpw 
 Error (line 419) - Found unexpected or superfluous attribute value. 


2014-08-21 09:53:33.196-04:00 MTNLCND131D265.acct04.us.lmco.com CRRHP0010I File C:\Users\watsonjc\Documents\Work Folder\CE&T\Systems Modeling COE\OMG\SysML Roadmap\SystemsEngDevelopmentEnv\SysEngDevEnv.rpw 
 Error (line 421) - Found unexpected or superfluous object. 


2014-08-21 09:53:33.196-04:00 MTNLCND131D265.acct04.us.lmco.com CRRHP0010I File C:\Users\watsonjc\Documents\Work Folder\CE&T\Systems Modeling COE\OMG\SysML Roadmap\SystemsEngDevelopmentEnv\SysEngDevEnv.rpw 
 Error (line 421) - Failed to find object type


2014-08-21 09:53:33.196-04:00 MTNLCND131D265.acct04.us.lmco.com CRRHP0010I File C:\Users\watsonjc\Documents\Work Folder\CE&T\Systems Modeling COE\OMG\SysML Roadmap\SystemsEngDevelopmentEnv\SysEngDevEnv.rpw 
 Error (line 421) - Found unexpected or superfluous Attribute TableMatrixView. 


2014-08-21 09:53:33.196-04:00 MTNLCND131D265.acct04.us.lmco.com CRRHP0010I File C:\Users\watsonjc\Documents\Work Folder\CE&T\Systems Modeling COE\OMG\SysML Roadmap\SystemsEngDevelopmentEnv\SysEngDevEnv.rpw 
 Error (line 422) - Missing rpyAAttrName2Value in unknown attribute


2014-08-21 09:53:33.196-04:00 MTNLCND131D265.acct04.us.lmco.com CRRHP0010I File C:\Users\watsonjc\Documents\Work Folder\CE&T\Systems Modeling COE\OMG\SysML Roadmap\SystemsEngDevelopmentEnv\SysEngDevEnv.rpw 
 Error (line 422) - Found unexpected or superfluous attribute value. 


2014-08-21 09:53:33.196-04:00 MTNLCND131D265.acct04.us.lmco.com CRRHP0010I File C:\Users\watsonjc\Documents\Work Folder\CE&T\Systems Modeling COE\OMG\SysML Roadmap\SystemsEngDevelopmentEnv\SysEngDevEnv.rpw 
 Error (line 422) - Found unexpected or superfluous Attribute c1ac. 


2014-08-21 09:53:33.196-04:00 MTNLCND131D265.acct04.us.lmco.com CRRHP0010I File C:\Users\watsonjc\Documents\Work Folder\CE&T\Systems Modeling COE\OMG\SysML Roadmap\SystemsEngDevelopmentEnv\SysEngDevEnv.rpw 
 Error (line 422) - Missing rpyAAttrName2Value in unknown attribute


2014-08-21 09:53:33.196-04:00 MTNLCND131D265.acct04.us.lmco.com CRRHP0010I File C:\Users\watsonjc\Documents\Work Folder\CE&T\Systems Modeling COE\OMG\SysML Roadmap\SystemsEngDevelopmentEnv\SysEngDevEnv.rpw 
 Error (line 422) - Found unexpected or superfluous Attribute 46b4. 


2014-08-21 09:53:33.196-04:00 MTNLCND131D265.acct04.us.lmco.com CRRHP0010I File C:\Users\watsonjc\Documents\Work Folder\CE&T\Systems Modeling COE\OMG\SysML Roadmap\SystemsEngDevelopmentEnv\SysEngDevEnv.rpw 
 Error (line 422) - Missing rpyAAttrName2Value in unknown attribute


2014-08-21 09:53:33.196-04:00 MTNLCND131D265.acct04.us.lmco.com CRRHP0010I File C:\Users\watsonjc\Documents\Work Folder\CE&T\Systems Modeling COE\OMG\SysML Roadmap\SystemsEngDevelopmentEnv\SysEngDevEnv.rpw 
 Error (line 422) - Found unexpected or superfluous Attribute a3fd. 


2014-08-21 09:53:33.196-04:00 MTNLCND131D265.acct04.us.lmco.com CRRHP0010I File C:\Users\watsonjc\Documents\Work Folder\CE&T\Systems Modeling COE\OMG\SysML Roadmap\SystemsEngDevelopmentEnv\SysEngDevEnv.rpw 
 Error (line 422) - Missing rpyAAttrName2Value in unknown attribute


2014-08-21 09:53:33.196-04:00 MTNLCND131D265.acct04.us.lmco.com CRRHP0010I File C:\Users\watsonjc\Documents\Work Folder\CE&T\Systems Modeling COE\OMG\SysML Roadmap\SystemsEngDevelopmentEnv\SysEngDevEnv.rpw 
 Error (line 422) - Found unexpected or superfluous Attribute d3605c2eb183. 


2014-08-21 09:53:33.196-04:00 MTNLCND131D265.acct04.us.lmco.com CRRHP0010I File C:\Users\watsonjc\Documents\Work Folder\CE&T\Systems Modeling COE\OMG\SysML Roadmap\SystemsEngDevelopmentEnv\SysEngDevEnv.rpw 
 Error (line 422) - Missing rpyAAttrName2Value in unknown attribute


2014-08-21 09:53:33.196-04:00 MTNLCND131D265.acct04.us.lmco.com CRRHP0010I File C:\Users\watsonjc\Documents\Work Folder\CE&T\Systems Modeling COE\OMG\SysML Roadmap\SystemsEngDevelopmentEnv\SysEngDevEnv.rpw 
 Error (line 423) - Found unexpected or superfluous attribute value. 


2014-08-21 09:53:33.196-04:00 MTNLCND131D265.acct04.us.lmco.com CRRHP0010I File C:\Users\watsonjc\Documents\Work Folder\CE&T\Systems Modeling COE\OMG\SysML Roadmap\SystemsEngDevelopmentEnv\SysEngDevEnv.rpw 
 Error (line 425) - Found unexpected or superfluous object. 


2014-08-21 09:53:33.196-04:00 MTNLCND131D265.acct04.us.lmco.com CRRHP0010I File C:\Users\watsonjc\Documents\Work Folder\CE&T\Systems Modeling COE\OMG\SysML Roadmap\SystemsEngDevelopmentEnv\SysEngDevEnv.rpw 
 Error (line 425) - Failed to find object type


2014-08-21 09:53:33.196-04:00 MTNLCND131D265.acct04.us.lmco.com CRRHP0010I File C:\Users\watsonjc\Documents\Work Folder\CE&T\Systems Modeling COE\OMG\SysML Roadmap\SystemsEngDevelopmentEnv\SysEngDevEnv.rpw 
 Error (line 425) - Found unexpected or superfluous Attribute TableMatrixView. 


2014-08-21 09:53:33.212-04:00 MTNLCND131D265.acct04.us.lmco.com CRRHP0010I File C:\Users\watsonjc\Documents\Work Folder\CE&T\Systems Modeling COE\OMG\SysML Roadmap\SystemsEngDevelopmentEnv\SysEngDevEnv.rpw 
 Error (line 426) - Missing rpyAAttrName2Value in unknown attribute


2014-08-21 09:53:33.212-04:00 MTNLCND131D265.acct04.us.lmco.com CRRHP0010I File C:\Users\watsonjc\Documents\Work Folder\CE&T\Systems Modeling COE\OMG\SysML Roadmap\SystemsEngDevelopmentEnv\SysEngDevEnv.rpw 
 Error (line 426) - Found unexpected or superfluous attribute value. 


2014-08-21 09:53:33.212-04:00 MTNLCND131D265.acct04.us.lmco.com CRRHP0010I File C:\Users\watsonjc\Documents\Work Folder\CE&T\Systems Modeling COE\OMG\SysML Roadmap\SystemsEngDevelopmentEnv\SysEngDevEnv.rpw 
 Error (line 426) - Found unexpected or superfluous Attribute 6818. 


2014-08-21 09:53:33.212-04:00 MTNLCND131D265.acct04.us.lmco.com CRRHP0010I File C:\Users\watsonjc\Documents\Work Folder\CE&T\Systems Modeling COE\OMG\SysML Roadmap\SystemsEngDevelopmentEnv\SysEngDevEnv.rpw 
 Error (line 426) - Missing rpyAAttrName2Value in unknown attribute


2014-08-21 09:53:33.212-04:00 MTNLCND131D265.acct04.us.lmco.com CRRHP0010I File C:\Users\watsonjc\Documents\Work Folder\CE&T\Systems Modeling COE\OMG\SysML Roadmap\SystemsEngDevelopmentEnv\SysEngDevEnv.rpw 
 Error (line 426) - Found unexpected or superfluous Attribute 498e. 


2014-08-21 09:53:33.212-04:00 MTNLCND131D265.acct04.us.lmco.com CRRHP0010I File C:\Users\watsonjc\Documents\Work Folder\CE&T\Systems Modeling COE\OMG\SysML Roadmap\SystemsEngDevelopmentEnv\SysEngDevEnv.rpw 
 Error (line 426) - Missing rpyAAttrName2Value in unknown attribute


2014-08-21 09:53:33.212-04:00 MTNLCND131D265.acct04.us.lmco.com CRRHP0010I File C:\Users\watsonjc\Documents\Work Folder\CE&T\Systems Modeling COE\OMG\SysML Roadmap\SystemsEngDevelopmentEnv\SysEngDevEnv.rpw 
 Error (line 426) - Found unexpected or superfluous Attribute 87d6. 


2014-08-21 09:53:33.212-04:00 MTNLCND131D265.acct04.us.lmco.com CRRHP0010I File C:\Users\watsonjc\Documents\Work Folder\CE&T\Systems Modeling COE\OMG\SysML Roadmap\SystemsEngDevelopmentEnv\SysEngDevEnv.rpw 
 Error (line 426) - Missing rpyAAttrName2Value in unknown attribute


2014-08-21 09:53:33.212-04:00 MTNLCND131D265.acct04.us.lmco.com CRRHP0010I File C:\Users\watsonjc\Documents\Work Folder\CE&T\Systems Modeling COE\OMG\SysML Roadmap\SystemsEngDevelopmentEnv\SysEngDevEnv.rpw 
 Error (line 426) - Found unexpected or superfluous Attribute 4207584bdf1c. 


2014-08-21 09:53:33.212-04:00 MTNLCND131D265.acct04.us.lmco.com CRRHP0010I File C:\Users\watsonjc\Documents\Work Folder\CE&T\Systems Modeling COE\OMG\SysML Roadmap\SystemsEngDevelopmentEnv\SysEngDevEnv.rpw 
 Error (line 426) - Missing rpyAAttrName2Value in unknown attribute


2014-08-21 09:53:33.212-04:00 MTNLCND131D265.acct04.us.lmco.com CRRHP0010I File C:\Users\watsonjc\Documents\Work Folder\CE&T\Systems Modeling COE\OMG\SysML Roadmap\SystemsEngDevelopmentEnv\SysEngDevEnv.rpw 
 Error (line 427) - Found unexpected or superfluous attribute value. 


2014-08-21 09:53:33.212-04:00 MTNLCND131D265.acct04.us.lmco.com CRRHP0010I File C:\Users\watsonjc\Documents\Work Folder\CE&T\Systems Modeling COE\OMG\SysML Roadmap\SystemsEngDevelopmentEnv\SysEngDevEnv.rpw 
 Error (line 429) - Found unexpected or superfluous object. 


2014-08-21 09:53:33.212-04:00 MTNLCND131D265.acct04.us.lmco.com CRRHP0010I File C:\Users\watsonjc\Documents\Work Folder\CE&T\Systems Modeling COE\OMG\SysML Roadmap\SystemsEngDevelopmentEnv\SysEngDevEnv.rpw 
 Error (line 429) - Failed to find object type


2014-08-21 09:53:33.212-04:00 MTNLCND131D265.acct04.us.lmco.com CRRHP0010I File C:\Users\watsonjc\Documents\Work Folder\CE&T\Systems Modeling COE\OMG\SysML Roadmap\SystemsEngDevelopmentEnv\SysEngDevEnv.rpw 
 Error (line 429) - Found unexpected or superfluous Attribute TableMatrixView. 


2014-08-21 09:53:33.212-04:00 MTNLCND131D265.acct04.us.lmco.com CRRHP0010I File C:\Users\watsonjc\Documents\Work Folder\CE&T\Systems Modeling COE\OMG\SysML Roadmap\SystemsEngDevelopmentEnv\SysEngDevEnv.rpw 
 Error (line 430) - Missing rpyAAttrName2Value in unknown attribute


2014-08-21 09:53:33.212-04:00 MTNLCND131D265.acct04.us.lmco.com CRRHP0010I File C:\Users\watsonjc\Documents\Work Folder\CE&T\Systems Modeling COE\OMG\SysML Roadmap\SystemsEngDevelopmentEnv\SysEngDevEnv.rpw 
 Error (line 430) - Found unexpected or superfluous attribute value. 


2014-08-21 09:53:33.212-04:00 MTNLCND131D265.acct04.us.lmco.com CRRHP0010I File C:\Users\watsonjc\Documents\Work Folder\CE&T\Systems Modeling COE\OMG\SysML Roadmap\SystemsEngDevelopmentEnv\SysEngDevEnv.rpw 
 Error (line 430) - Found unexpected or superfluous Attribute 45d5. 


2014-08-21 09:53:33.212-04:00 MTNLCND131D265.acct04.us.lmco.com CRRHP0010I File C:\Users\watsonjc\Documents\Work Folder\CE&T\Systems Modeling COE\OMG\SysML Roadmap\SystemsEngDevelopmentEnv\SysEngDevEnv.rpw 
 Error (line 430) - Missing rpyAAttrName2Value in unknown attribute


2014-08-21 09:53:33.212-04:00 MTNLCND131D265.acct04.us.lmco.com CRRHP0010I File C:\Users\watsonjc\Documents\Work Folder\CE&T\Systems Modeling COE\OMG\SysML Roadmap\SystemsEngDevelopmentEnv\SysEngDevEnv.rpw 
 Error (line 430) - Found unexpected or superfluous Attribute 4ded. 


2014-08-21 09:53:33.212-04:00 MTNLCND131D265.acct04.us.lmco.com CRRHP0010I File C:\Users\watsonjc\Documents\Work Folder\CE&T\Systems Modeling COE\OMG\SysML Roadmap\SystemsEngDevelopmentEnv\SysEngDevEnv.rpw 
 Error (line 430) - Missing rpyAAttrName2Value in unknown attribute


2014-08-21 09:53:33.212-04:00 MTNLCND131D265.acct04.us.lmco.com CRRHP0010I File C:\Users\watsonjc\Documents\Work Folder\CE&T\Systems Modeling COE\OMG\SysML Roadmap\SystemsEngDevelopmentEnv\SysEngDevEnv.rpw 
 Error (line 430) - Found unexpected or superfluous Attribute 8d37. 


2014-08-21 09:53:33.212-04:00 MTNLCND131D265.acct04.us.lmco.com CRRHP0010I File C:\Users\watsonjc\Documents\Work Folder\CE&T\Systems Modeling COE\OMG\SysML Roadmap\SystemsEngDevelopmentEnv\SysEngDevEnv.rpw 
 Error (line 430) - Missing rpyAAttrName2Value in unknown attribute


2014-08-21 09:53:33.212-04:00 MTNLCND131D265.acct04.us.lmco.com CRRHP0010I File C:\Users\watsonjc\Documents\Work Folder\CE&T\Systems Modeling COE\OMG\SysML Roadmap\SystemsEngDevelopmentEnv\SysEngDevEnv.rpw 
 Error (line 430) - Found unexpected or superfluous Attribute a772789c76b6. 


2014-08-21 09:53:33.212-04:00 MTNLCND131D265.acct04.us.lmco.com CRRHP0010I File C:\Users\watsonjc\Documents\Work Folder\CE&T\Systems Modeling COE\OMG\SysML Roadmap\SystemsEngDevelopmentEnv\SysEngDevEnv.rpw 
 Error (line 430) - Missing rpyAAttrName2Value in unknown attribute


2014-08-21 09:53:33.212-04:00 MTNLCND131D265.acct04.us.lmco.com CRRHP0010I File C:\Users\watsonjc\Documents\Work Folder\CE&T\Systems Modeling COE\OMG\SysML Roadmap\SystemsEngDevelopmentEnv\SysEngDevEnv.rpw 
 Error (line 431) - Found unexpected or superfluous attribute value. 


2014-08-21 09:53:33.212-04:00 MTNLCND131D265.acct04.us.lmco.com CRRHP0010I File C:\Users\watsonjc\Documents\Work Folder\CE&T\Systems Modeling COE\OMG\SysML Roadmap\SystemsEngDevelopmentEnv\SysEngDevEnv.rpw 
 Error (line 433) - Found unexpected or superfluous object. 


2014-08-21 09:53:33.212-04:00 MTNLCND131D265.acct04.us.lmco.com CRRHP0010I File C:\Users\watsonjc\Documents\Work Folder\CE&T\Systems Modeling COE\OMG\SysML Roadmap\SystemsEngDevelopmentEnv\SysEngDevEnv.rpw 
 Error (line 433) - Failed to find object type


2014-08-21 09:53:33.212-04:00 MTNLCND131D265.acct04.us.lmco.com CRRHP0010I File C:\Users\watsonjc\Documents\Work Folder\CE&T\Systems Modeling COE\OMG\SysML Roadmap\SystemsEngDevelopmentEnv\SysEngDevEnv.rpw 
 Error (line 433) - Found unexpected or superfluous Attribute TableMatrixView. 


2014-08-21 09:53:33.212-04:00 MTNLCND131D265.acct04.us.lmco.com CRRHP0010I File C:\Users\watsonjc\Documents\Work Folder\CE&T\Systems Modeling COE\OMG\SysML Roadmap\SystemsEngDevelopmentEnv\SysEngDevEnv.rpw 
 Error (line 434) - Missing rpyAAttrName2Value in unknown attribute


2014-08-21 09:53:33.212-04:00 MTNLCND131D265.acct04.us.lmco.com CRRHP0010I File C:\Users\watsonjc\Documents\Work Folder\CE&T\Systems Modeling COE\OMG\SysML Roadmap\SystemsEngDevelopmentEnv\SysEngDevEnv.rpw 
 Error (line 434) - Found unexpected or superfluous attribute value. 


2014-08-21 09:53:33.212-04:00 MTNLCND131D265.acct04.us.lmco.com CRRHP0010I File C:\Users\watsonjc\Documents\Work Folder\CE&T\Systems Modeling COE\OMG\SysML Roadmap\SystemsEngDevelopmentEnv\SysEngDevEnv.rpw 
 Error (line 434) - Found unexpected or superfluous Attribute 6938. 


2014-08-21 09:53:33.212-04:00 MTNLCND131D265.acct04.us.lmco.com CRRHP0010I File C:\Users\watsonjc\Documents\Work Folder\CE&T\Systems Modeling COE\OMG\SysML Roadmap\SystemsEngDevelopmentEnv\SysEngDevEnv.rpw 
 Error (line 434) - Missing rpyAAttrName2Value in unknown attribute


2014-08-21 09:53:33.212-04:00 MTNLCND131D265.acct04.us.lmco.com CRRHP0010I File C:\Users\watsonjc\Documents\Work Folder\CE&T\Systems Modeling COE\OMG\SysML Roadmap\SystemsEngDevelopmentEnv\SysEngDevEnv.rpw 
 Error (line 434) - Found unexpected or superfluous Attribute 430b. 


2014-08-21 09:53:33.227-04:00 MTNLCND131D265.acct04.us.lmco.com CRRHP0010I File C:\Users\watsonjc\Documents\Work Folder\CE&T\Systems Modeling COE\OMG\SysML Roadmap\SystemsEngDevelopmentEnv\SysEngDevEnv.rpw 
 Error (line 434) - Missing rpyAAttrName2Value in unknown attribute


2014-08-21 09:53:33.227-04:00 MTNLCND131D265.acct04.us.lmco.com CRRHP0010I File C:\Users\watsonjc\Documents\Work Folder\CE&T\Systems Modeling COE\OMG\SysML Roadmap\SystemsEngDevelopmentEnv\SysEngDevEnv.rpw 
 Error (line 434) - Found unexpected or superfluous Attribute 8042. 


2014-08-21 09:53:33.227-04:00 MTNLCND131D265.acct04.us.lmco.com CRRHP0010I File C:\Users\watsonjc\Documents\Work Folder\CE&T\Systems Modeling COE\OMG\SysML Roadmap\SystemsEngDevelopmentEnv\SysEngDevEnv.rpw 
 Error (line 434) - Missing rpyAAttrName2Value in unknown attribute


2014-08-21 09:53:33.227-04:00 MTNLCND131D265.acct04.us.lmco.com CRRHP0010I File C:\Users\watsonjc\Documents\Work Folder\CE&T\Systems Modeling COE\OMG\SysML Roadmap\SystemsEngDevelopmentEnv\SysEngDevEnv.rpw 
 Error (line 434) - Found unexpected or superfluous Attribute 8a0a04a4169c. 


2014-08-21 09:53:33.227-04:00 MTNLCND131D265.acct04.us.lmco.com CRRHP0010I File C:\Users\watsonjc\Documents\Work Folder\CE&T\Systems Modeling COE\OMG\SysML Roadmap\SystemsEngDevelopmentEnv\SysEngDevEnv.rpw 
 Error (line 434) - Missing rpyAAttrName2Value in unknown attribute


2014-08-21 09:53:33.227-04:00 MTNLCND131D265.acct04.us.lmco.com CRRHP0010I File C:\Users\watsonjc\Documents\Work Folder\CE&T\Systems Modeling COE\OMG\SysML Roadmap\SystemsEngDevelopmentEnv\SysEngDevEnv.rpw 
 Error (line 435) - Found unexpected or superfluous attribute value. 


2014-08-21 09:53:33.227-04:00 MTNLCND131D265.acct04.us.lmco.com CRRHP0010I File C:\Users\watsonjc\Documents\Work Folder\CE&T\Systems Modeling COE\OMG\SysML Roadmap\SystemsEngDevelopmentEnv\SysEngDevEnv.rpw 
 Error (line 441) - count is not a registered class in IRPYObjectBroker

2014-08-21 09:53:33.227-04:00 MTNLCND131D265.acct04.us.lmco.com CRRHP0010I File C:\Users\watsonjc\Documents\Work Folder\CE&T\Systems Modeling COE\OMG\SysML Roadmap\SystemsEngDevelopmentEnv\SysEngDevEnv.rpw 
 Error (line 441) - Found unexpected or superfluous attribute value. 


2014-08-21 09:53:33.227-04:00 MTNLCND131D265.acct04.us.lmco.com CRRHP0010I File C:\Users\watsonjc\Documents\Work Folder\CE&T\Systems Modeling COE\OMG\SysML Roadmap\SystemsEngDevelopmentEnv\SysEngDevEnv.rpw 
 Error (line 442) - Found unexpected or superfluous object. 


2014-08-21 09:53:33.227-04:00 MTNLCND131D265.acct04.us.lmco.com CRRHP0010I File C:\Users\watsonjc\Documents\Work Folder\CE&T\Systems Modeling COE\OMG\SysML Roadmap\SystemsEngDevelopmentEnv\SysEngDevEnv.rpw 
 Error (line 442) - Failed to find object type


2014-08-21 09:53:33.227-04:00 MTNLCND131D265.acct04.us.lmco.com CRRHP0010I File C:\Users\watsonjc\Documents\Work Folder\CE&T\Systems Modeling COE\OMG\SysML Roadmap\SystemsEngDevelopmentEnv\SysEngDevEnv.rpw 
 Error (line 442) - Found unexpected or superfluous Attribute TableMatrixView. 


2014-08-21 09:53:33.227-04:00 MTNLCND131D265.acct04.us.lmco.com CRRHP0010I File C:\Users\watsonjc\Documents\Work Folder\CE&T\Systems Modeling COE\OMG\SysML Roadmap\SystemsEngDevelopmentEnv\SysEngDevEnv.rpw 
 Error (line 443) - Missing rpyAAttrName2Value in unknown attribute


2014-08-21 09:53:33.227-04:00 MTNLCND131D265.acct04.us.lmco.com CRRHP0010I File C:\Users\watsonjc\Documents\Work Folder\CE&T\Systems Modeling COE\OMG\SysML Roadmap\SystemsEngDevelopmentEnv\SysEngDevEnv.rpw 
 Error (line 443) - Found unexpected or superfluous attribute value. 


2014-08-21 09:53:33.227-04:00 MTNLCND131D265.acct04.us.lmco.com CRRHP0010I File C:\Users\watsonjc\Documents\Work Folder\CE&T\Systems Modeling COE\OMG\SysML Roadmap\SystemsEngDevelopmentEnv\SysEngDevEnv.rpw 
 Error (line 443) - Found unexpected or superfluous Attribute e995. 


2014-08-21 09:53:33.227-04:00 MTNLCND131D265.acct04.us.lmco.com CRRHP0010I File C:\Users\watsonjc\Documents\Work Folder\CE&T\Systems Modeling COE\OMG\SysML Roadmap\SystemsEngDevelopmentEnv\SysEngDevEnv.rpw 
 Error (line 443) - Missing rpyAAttrName2Value in unknown attribute


2014-08-21 09:53:33.227-04:00 MTNLCND131D265.acct04.us.lmco.com CRRHP0010I File C:\Users\watsonjc\Documents\Work Folder\CE&T\Systems Modeling COE\OMG\SysML Roadmap\SystemsEngDevelopmentEnv\SysEngDevEnv.rpw 
 Error (line 443) - Found unexpected or superfluous Attribute 4f3e. 


2014-08-21 09:53:33.227-04:00 MTNLCND131D265.acct04.us.lmco.com CRRHP0010I File C:\Users\watsonjc\Documents\Work Folder\CE&T\Systems Modeling COE\OMG\SysML Roadmap\SystemsEngDevelopmentEnv\SysEngDevEnv.rpw 
 Error (line 443) - Missing rpyAAttrName2Value in unknown attribute


2014-08-21 09:53:33.227-04:00 MTNLCND131D265.acct04.us.lmco.com CRRHP0010I File C:\Users\watsonjc\Documents\Work Folder\CE&T\Systems Modeling COE\OMG\SysML Roadmap\SystemsEngDevelopmentEnv\SysEngDevEnv.rpw 
 Error (line 443) - Found unexpected or superfluous Attribute a5ca. 


2014-08-21 09:53:33.227-04:00 MTNLCND131D265.acct04.us.lmco.com CRRHP0010I File C:\Users\watsonjc\Documents\Work Folder\CE&T\Systems Modeling COE\OMG\SysML Roadmap\SystemsEngDevelopmentEnv\SysEngDevEnv.rpw 
 Error (line 443) - Missing rpyAAttrName2Value in unknown attribute


2014-08-21 09:53:33.227-04:00 MTNLCND131D265.acct04.us.lmco.com CRRHP0010I File C:\Users\watsonjc\Documents\Work Folder\CE&T\Systems Modeling COE\OMG\SysML Roadmap\SystemsEngDevelopmentEnv\SysEngDevEnv.rpw 
 Error (line 443) - Found unexpected or superfluous Attribute ae4bda450fed. 


2014-08-21 09:53:33.227-04:00 MTNLCND131D265.acct04.us.lmco.com CRRHP0010I File C:\Users\watsonjc\Documents\Work Folder\CE&T\Systems Modeling COE\OMG\SysML Roadmap\SystemsEngDevelopmentEnv\SysEngDevEnv.rpw 
 Error (line 443) - Missing rpyAAttrName2Value in unknown attribute


2014-08-21 09:53:33.227-04:00 MTNLCND131D265.acct04.us.lmco.com CRRHP0010I File C:\Users\watsonjc\Documents\Work Folder\CE&T\Systems Modeling COE\OMG\SysML Roadmap\SystemsEngDevelopmentEnv\SysEngDevEnv.rpw 
 Error (line 444) - Found unexpected or superfluous attribute value. 


2014-08-21 09:53:33.227-04:00 MTNLCND131D265.acct04.us.lmco.com CRRHP0010I File C:\Users\watsonjc\Documents\Work Folder\CE&T\Systems Modeling COE\OMG\SysML Roadmap\SystemsEngDevelopmentEnv\SysEngDevEnv.rpw 
 Error (line 446) - Found unexpected or superfluous object. 


2014-08-21 09:53:33.227-04:00 MTNLCND131D265.acct04.us.lmco.com CRRHP0010I File C:\Users\watsonjc\Documents\Work Folder\CE&T\Systems Modeling COE\OMG\SysML Roadmap\SystemsEngDevelopmentEnv\SysEngDevEnv.rpw 
 Error (line 446) - Failed to find object type


2014-08-21 09:53:33.227-04:00 MTNLCND131D265.acct04.us.lmco.com CRRHP0010I File C:\Users\watsonjc\Documents\Work Folder\CE&T\Systems Modeling COE\OMG\SysML Roadmap\SystemsEngDevelopmentEnv\SysEngDevEnv.rpw 
 Error (line 446) - Found unexpected or superfluous Attribute TableMatrixView. 


2014-08-21 09:53:33.227-04:00 MTNLCND131D265.acct04.us.lmco.com CRRHP0010I File C:\Users\watsonjc\Documents\Work Folder\CE&T\Systems Modeling COE\OMG\SysML Roadmap\SystemsEngDevelopmentEnv\SysEngDevEnv.rpw 
 Error (line 447) - Missing rpyAAttrName2Value in unknown attribute


2014-08-21 09:53:33.227-04:00 MTNLCND131D265.acct04.us.lmco.com CRRHP0010I File C:\Users\watsonjc\Documents\Work Folder\CE&T\Systems Modeling COE\OMG\SysML Roadmap\SystemsEngDevelopmentEnv\SysEngDevEnv.rpw 
 Error (line 447) - Found unexpected or superfluous attribute value. 


2014-08-21 09:53:33.227-04:00 MTNLCND131D265.acct04.us.lmco.com CRRHP0010I File C:\Users\watsonjc\Documents\Work Folder\CE&T\Systems Modeling COE\OMG\SysML Roadmap\SystemsEngDevelopmentEnv\SysEngDevEnv.rpw 
 Error (line 447) - Found unexpected or superfluous Attribute 2ce9. 


2014-08-21 09:53:33.227-04:00 MTNLCND131D265.acct04.us.lmco.com CRRHP0010I File C:\Users\watsonjc\Documents\Work Folder\CE&T\Systems Modeling COE\OMG\SysML Roadmap\SystemsEngDevelopmentEnv\SysEngDevEnv.rpw 
 Error (line 447) - Missing rpyAAttrName2Value in unknown attribute


2014-08-21 09:53:33.227-04:00 MTNLCND131D265.acct04.us.lmco.com CRRHP0010I File C:\Users\watsonjc\Documents\Work Folder\CE&T\Systems Modeling COE\OMG\SysML Roadmap\SystemsEngDevelopmentEnv\SysEngDevEnv.rpw 
 Error (line 447) - Found unexpected or superfluous Attribute 4f13. 


2014-08-21 09:53:33.227-04:00 MTNLCND131D265.acct04.us.lmco.com CRRHP0010I File C:\Users\watsonjc\Documents\Work Folder\CE&T\Systems Modeling COE\OMG\SysML Roadmap\SystemsEngDevelopmentEnv\SysEngDevEnv.rpw 
 Error (line 447) - Missing rpyAAttrName2Value in unknown attribute


2014-08-21 09:53:33.227-04:00 MTNLCND131D265.acct04.us.lmco.com CRRHP0010I File C:\Users\watsonjc\Documents\Work Folder\CE&T\Systems Modeling COE\OMG\SysML Roadmap\SystemsEngDevelopmentEnv\SysEngDevEnv.rpw 
 Error (line 447) - Found unexpected or superfluous Attribute b19a. 


2014-08-21 09:53:33.227-04:00 MTNLCND131D265.acct04.us.lmco.com CRRHP0010I File C:\Users\watsonjc\Documents\Work Folder\CE&T\Systems Modeling COE\OMG\SysML Roadmap\SystemsEngDevelopmentEnv\SysEngDevEnv.rpw 
 Error (line 447) - Missing rpyAAttrName2Value in unknown attribute


2014-08-21 09:53:33.227-04:00 MTNLCND131D265.acct04.us.lmco.com CRRHP0010I File C:\Users\watsonjc\Documents\Work Folder\CE&T\Systems Modeling COE\OMG\SysML Roadmap\SystemsEngDevelopmentEnv\SysEngDevEnv.rpw 
 Error (line 447) - Found unexpected or superfluous Attribute fe8fdf37caf7. 


2014-08-21 09:53:33.243-04:00 MTNLCND131D265.acct04.us.lmco.com CRRHP0010I File C:\Users\watsonjc\Documents\Work Folder\CE&T\Systems Modeling COE\OMG\SysML Roadmap\SystemsEngDevelopmentEnv\SysEngDevEnv.rpw 
 Error (line 447) - Missing rpyAAttrName2Value in unknown attribute


2014-08-21 09:53:33.243-04:00 MTNLCND131D265.acct04.us.lmco.com CRRHP0010I File C:\Users\watsonjc\Documents\Work Folder\CE&T\Systems Modeling COE\OMG\SysML Roadmap\SystemsEngDevelopmentEnv\SysEngDevEnv.rpw 
 Error (line 448) - Found unexpected or superfluous attribute value. 


2014-08-21 09:53:33.243-04:00 MTNLCND131D265.acct04.us.lmco.com CRRHP0010I File C:\Users\watsonjc\Documents\Work Folder\CE&T\Systems Modeling COE\OMG\SysML Roadmap\SystemsEngDevelopmentEnv\SysEngDevEnv.rpw 
 Error (line 450) - Found unexpected or superfluous object. 


2014-08-21 09:53:33.243-04:00 MTNLCND131D265.acct04.us.lmco.com CRRHP0010I File C:\Users\watsonjc\Documents\Work Folder\CE&T\Systems Modeling COE\OMG\SysML Roadmap\SystemsEngDevelopmentEnv\SysEngDevEnv.rpw 
 Error (line 450) - Failed to find object type


2014-08-21 09:53:33.243-04:00 MTNLCND131D265.acct04.us.lmco.com CRRHP0010I File C:\Users\watsonjc\Documents\Work Folder\CE&T\Systems Modeling COE\OMG\SysML Roadmap\SystemsEngDevelopmentEnv\SysEngDevEnv.rpw 
 Error (line 450) - Found unexpected or superfluous Attribute TableMatrixView. 


2014-08-21 09:53:33.243-04:00 MTNLCND131D265.acct04.us.lmco.com CRRHP0010I File C:\Users\watsonjc\Documents\Work Folder\CE&T\Systems Modeling COE\OMG\SysML Roadmap\SystemsEngDevelopmentEnv\SysEngDevEnv.rpw 
 Error (line 451) - Missing rpyAAttrName2Value in unknown attribute


2014-08-21 09:53:33.243-04:00 MTNLCND131D265.acct04.us.lmco.com CRRHP0010I File C:\Users\watsonjc\Documents\Work Folder\CE&T\Systems Modeling COE\OMG\SysML Roadmap\SystemsEngDevelopmentEnv\SysEngDevEnv.rpw 
 Error (line 451) - Found unexpected or superfluous attribute value. 


2014-08-21 09:53:33.243-04:00 MTNLCND131D265.acct04.us.lmco.com CRRHP0010I File C:\Users\watsonjc\Documents\Work Folder\CE&T\Systems Modeling COE\OMG\SysML Roadmap\SystemsEngDevelopmentEnv\SysEngDevEnv.rpw 
 Error (line 451) - Found unexpected or superfluous Attribute bcba. 


2014-08-21 09:53:33.243-04:00 MTNLCND131D265.acct04.us.lmco.com CRRHP0010I File C:\Users\watsonjc\Documents\Work Folder\CE&T\Systems Modeling COE\OMG\SysML Roadmap\SystemsEngDevelopmentEnv\SysEngDevEnv.rpw 
 Error (line 451) - Missing rpyAAttrName2Value in unknown attribute


2014-08-21 09:53:33.243-04:00 MTNLCND131D265.acct04.us.lmco.com CRRHP0010I File C:\Users\watsonjc\Documents\Work Folder\CE&T\Systems Modeling COE\OMG\SysML Roadmap\SystemsEngDevelopmentEnv\SysEngDevEnv.rpw 
 Error (line 451) - Found unexpected or superfluous Attribute 4ef7. 


2014-08-21 09:53:33.243-04:00 MTNLCND131D265.acct04.us.lmco.com CRRHP0010I File C:\Users\watsonjc\Documents\Work Folder\CE&T\Systems Modeling COE\OMG\SysML Roadmap\SystemsEngDevelopmentEnv\SysEngDevEnv.rpw 
 Error (line 451) - Missing rpyAAttrName2Value in unknown attribute


2014-08-21 09:53:33.243-04:00 MTNLCND131D265.acct04.us.lmco.com CRRHP0010I File C:\Users\watsonjc\Documents\Work Folder\CE&T\Systems Modeling COE\OMG\SysML Roadmap\SystemsEngDevelopmentEnv\SysEngDevEnv.rpw 
 Error (line 451) - Found unexpected or superfluous Attribute bc03. 


2014-08-21 09:53:33.243-04:00 MTNLCND131D265.acct04.us.lmco.com CRRHP0010I File C:\Users\watsonjc\Documents\Work Folder\CE&T\Systems Modeling COE\OMG\SysML Roadmap\SystemsEngDevelopmentEnv\SysEngDevEnv.rpw 
 Error (line 451) - Missing rpyAAttrName2Value in unknown attribute


2014-08-21 09:53:33.243-04:00 MTNLCND131D265.acct04.us.lmco.com CRRHP0010I File C:\Users\watsonjc\Documents\Work Folder\CE&T\Systems Modeling COE\OMG\SysML Roadmap\SystemsEngDevelopmentEnv\SysEngDevEnv.rpw 
 Error (line 451) - Found unexpected or superfluous Attribute 4693d26534da. 


2014-08-21 09:53:33.243-04:00 MTNLCND131D265.acct04.us.lmco.com CRRHP0010I File C:\Users\watsonjc\Documents\Work Folder\CE&T\Systems Modeling COE\OMG\SysML Roadmap\SystemsEngDevelopmentEnv\SysEngDevEnv.rpw 
 Error (line 451) - Missing rpyAAttrName2Value in unknown attribute


2014-08-21 09:53:33.243-04:00 MTNLCND131D265.acct04.us.lmco.com CRRHP0010I File C:\Users\watsonjc\Documents\Work Folder\CE&T\Systems Modeling COE\OMG\SysML Roadmap\SystemsEngDevelopmentEnv\SysEngDevEnv.rpw 
 Error (line 452) - Found unexpected or superfluous attribute value. 


2014-08-21 09:53:33.243-04:00 MTNLCND131D265.acct04.us.lmco.com CRRHP0010I File C:\Users\watsonjc\Documents\Work Folder\CE&T\Systems Modeling COE\OMG\SysML Roadmap\SystemsEngDevelopmentEnv\SysEngDevEnv.rpw 
 Error (line 454) - Found unexpected or superfluous object. 


2014-08-21 09:53:33.243-04:00 MTNLCND131D265.acct04.us.lmco.com CRRHP0010I File C:\Users\watsonjc\Documents\Work Folder\CE&T\Systems Modeling COE\OMG\SysML Roadmap\SystemsEngDevelopmentEnv\SysEngDevEnv.rpw 
 Error (line 454) - Failed to find object type


2014-08-21 09:53:33.243-04:00 MTNLCND131D265.acct04.us.lmco.com CRRHP0010I File C:\Users\watsonjc\Documents\Work Folder\CE&T\Systems Modeling COE\OMG\SysML Roadmap\SystemsEngDevelopmentEnv\SysEngDevEnv.rpw 
 Error (line 454) - Found unexpected or superfluous Attribute TableMatrixView. 


2014-08-21 09:53:33.243-04:00 MTNLCND131D265.acct04.us.lmco.com CRRHP0010I File C:\Users\watsonjc\Documents\Work Folder\CE&T\Systems Modeling COE\OMG\SysML Roadmap\SystemsEngDevelopmentEnv\SysEngDevEnv.rpw 
 Error (line 455) - Missing rpyAAttrName2Value in unknown attribute


2014-08-21 09:53:33.243-04:00 MTNLCND131D265.acct04.us.lmco.com CRRHP0010I File C:\Users\watsonjc\Documents\Work Folder\CE&T\Systems Modeling COE\OMG\SysML Roadmap\SystemsEngDevelopmentEnv\SysEngDevEnv.rpw 
 Error (line 455) - Found unexpected or superfluous attribute value. 


2014-08-21 09:53:33.243-04:00 MTNLCND131D265.acct04.us.lmco.com CRRHP0010I File C:\Users\watsonjc\Documents\Work Folder\CE&T\Systems Modeling COE\OMG\SysML Roadmap\SystemsEngDevelopmentEnv\SysEngDevEnv.rpw 
 Error (line 455) - Found unexpected or superfluous Attribute 2b9b. 


2014-08-21 09:53:33.243-04:00 MTNLCND131D265.acct04.us.lmco.com CRRHP0010I File C:\Users\watsonjc\Documents\Work Folder\CE&T\Systems Modeling COE\OMG\SysML Roadmap\SystemsEngDevelopmentEnv\SysEngDevEnv.rpw 
 Error (line 455) - Missing rpyAAttrName2Value in unknown attribute


2014-08-21 09:53:33.243-04:00 MTNLCND131D265.acct04.us.lmco.com CRRHP0010I File C:\Users\watsonjc\Documents\Work Folder\CE&T\Systems Modeling COE\OMG\SysML Roadmap\SystemsEngDevelopmentEnv\SysEngDevEnv.rpw 
 Error (line 455) - Found unexpected or superfluous Attribute 442f. 


2014-08-21 09:53:33.243-04:00 MTNLCND131D265.acct04.us.lmco.com CRRHP0010I File C:\Users\watsonjc\Documents\Work Folder\CE&T\Systems Modeling COE\OMG\SysML Roadmap\SystemsEngDevelopmentEnv\SysEngDevEnv.rpw 
 Error (line 455) - Missing rpyAAttrName2Value in unknown attribute


2014-08-21 09:53:33.243-04:00 MTNLCND131D265.acct04.us.lmco.com CRRHP0010I File C:\Users\watsonjc\Documents\Work Folder\CE&T\Systems Modeling COE\OMG\SysML Roadmap\SystemsEngDevelopmentEnv\SysEngDevEnv.rpw 
 Error (line 455) - Found unexpected or superfluous Attribute bc74. 


2014-08-21 09:53:33.243-04:00 MTNLCND131D265.acct04.us.lmco.com CRRHP0010I File C:\Users\watsonjc\Documents\Work Folder\CE&T\Systems Modeling COE\OMG\SysML Roadmap\SystemsEngDevelopmentEnv\SysEngDevEnv.rpw 
 Error (line 455) - Missing rpyAAttrName2Value in unknown attribute


2014-08-21 09:53:33.243-04:00 MTNLCND131D265.acct04.us.lmco.com CRRHP0010I File C:\Users\watsonjc\Documents\Work Folder\CE&T\Systems Modeling COE\OMG\SysML Roadmap\SystemsEngDevelopmentEnv\SysEngDevEnv.rpw 
 Error (line 455) - Found unexpected or superfluous Attribute 35a2500268ca. 


2014-08-21 09:53:33.243-04:00 MTNLCND131D265.acct04.us.lmco.com CRRHP0010I File C:\Users\watsonjc\Documents\Work Folder\CE&T\Systems Modeling COE\OMG\SysML Roadmap\SystemsEngDevelopmentEnv\SysEngDevEnv.rpw 
 Error (line 455) - Missing rpyAAttrName2Value in unknown attribute


2014-08-21 09:53:33.243-04:00 MTNLCND131D265.acct04.us.lmco.com CRRHP0010I File C:\Users\watsonjc\Documents\Work Folder\CE&T\Systems Modeling COE\OMG\SysML Roadmap\SystemsEngDevelopmentEnv\SysEngDevEnv.rpw 
 Error (line 456) - Found unexpected or superfluous attribute value. 


2014-08-21 09:53:33.243-04:00 MTNLCND131D265.acct04.us.lmco.com CRRHP0010I File C:\Users\watsonjc\Documents\Work Folder\CE&T\Systems Modeling COE\OMG\SysML Roadmap\SystemsEngDevelopmentEnv\SysEngDevEnv.rpw 
 Error (line 458) - Found unexpected or superfluous object. 


2014-08-21 09:53:33.243-04:00 MTNLCND131D265.acct04.us.lmco.com CRRHP0010I File C:\Users\watsonjc\Documents\Work Folder\CE&T\Systems Modeling COE\OMG\SysML Roadmap\SystemsEngDevelopmentEnv\SysEngDevEnv.rpw 
 Error (line 458) - Failed to find object type


2014-08-21 09:53:33.243-04:00 MTNLCND131D265.acct04.us.lmco.com CRRHP0010I File C:\Users\watsonjc\Documents\Work Folder\CE&T\Systems Modeling COE\OMG\SysML Roadmap\SystemsEngDevelopmentEnv\SysEngDevEnv.rpw 
 Error (line 458) - Found unexpected or superfluous Attribute TableMatrixView. 


2014-08-21 09:53:33.258-04:00 MTNLCND131D265.acct04.us.lmco.com CRRHP0010I File C:\Users\watsonjc\Documents\Work Folder\CE&T\Systems Modeling COE\OMG\SysML Roadmap\SystemsEngDevelopmentEnv\SysEngDevEnv.rpw 
 Error (line 459) - Missing rpyAAttrName2Value in unknown attribute


2014-08-21 09:53:33.258-04:00 MTNLCND131D265.acct04.us.lmco.com CRRHP0010I File C:\Users\watsonjc\Documents\Work Folder\CE&T\Systems Modeling COE\OMG\SysML Roadmap\SystemsEngDevelopmentEnv\SysEngDevEnv.rpw 
 Error (line 459) - Found unexpected or superfluous attribute value. 


2014-08-21 09:53:33.258-04:00 MTNLCND131D265.acct04.us.lmco.com CRRHP0010I File C:\Users\watsonjc\Documents\Work Folder\CE&T\Systems Modeling COE\OMG\SysML Roadmap\SystemsEngDevelopmentEnv\SysEngDevEnv.rpw 
 Error (line 459) - Found unexpected or superfluous Attribute ef88. 


2014-08-21 09:53:33.258-04:00 MTNLCND131D265.acct04.us.lmco.com CRRHP0010I File C:\Users\watsonjc\Documents\Work Folder\CE&T\Systems Modeling COE\OMG\SysML Roadmap\SystemsEngDevelopmentEnv\SysEngDevEnv.rpw 
 Error (line 459) - Missing rpyAAttrName2Value in unknown attribute


2014-08-21 09:53:33.258-04:00 MTNLCND131D265.acct04.us.lmco.com CRRHP0010I File C:\Users\watsonjc\Documents\Work Folder\CE&T\Systems Modeling COE\OMG\SysML Roadmap\SystemsEngDevelopmentEnv\SysEngDevEnv.rpw 
 Error (line 459) - Found unexpected or superfluous Attribute 4217. 


2014-08-21 09:53:33.258-04:00 MTNLCND131D265.acct04.us.lmco.com CRRHP0010I File C:\Users\watsonjc\Documents\Work Folder\CE&T\Systems Modeling COE\OMG\SysML Roadmap\SystemsEngDevelopmentEnv\SysEngDevEnv.rpw 
 Error (line 459) - Missing rpyAAttrName2Value in unknown attribute


2014-08-21 09:53:33.258-04:00 MTNLCND131D265.acct04.us.lmco.com CRRHP0010I File C:\Users\watsonjc\Documents\Work Folder\CE&T\Systems Modeling COE\OMG\SysML Roadmap\SystemsEngDevelopmentEnv\SysEngDevEnv.rpw 
 Error (line 459) - Found unexpected or superfluous Attribute 962c. 


2014-08-21 09:53:33.258-04:00 MTNLCND131D265.acct04.us.lmco.com CRRHP0010I File C:\Users\watsonjc\Documents\Work Folder\CE&T\Systems Modeling COE\OMG\SysML Roadmap\SystemsEngDevelopmentEnv\SysEngDevEnv.rpw 
 Error (line 459) - Missing rpyAAttrName2Value in unknown attribute


2014-08-21 09:53:33.258-04:00 MTNLCND131D265.acct04.us.lmco.com CRRHP0010I File C:\Users\watsonjc\Documents\Work Folder\CE&T\Systems Modeling COE\OMG\SysML Roadmap\SystemsEngDevelopmentEnv\SysEngDevEnv.rpw 
 Error (line 459) - Found unexpected or superfluous Attribute dd16be261334. 


2014-08-21 09:53:33.258-04:00 MTNLCND131D265.acct04.us.lmco.com CRRHP0010I File C:\Users\watsonjc\Documents\Work Folder\CE&T\Systems Modeling COE\OMG\SysML Roadmap\SystemsEngDevelopmentEnv\SysEngDevEnv.rpw 
 Error (line 459) - Missing rpyAAttrName2Value in unknown attribute


2014-08-21 09:53:33.258-04:00 MTNLCND131D265.acct04.us.lmco.com CRRHP0010I File C:\Users\watsonjc\Documents\Work Folder\CE&T\Systems Modeling COE\OMG\SysML Roadmap\SystemsEngDevelopmentEnv\SysEngDevEnv.rpw 
 Error (line 460) - Found unexpected or superfluous attribute value. 


2014-08-21 09:53:33.258-04:00 MTNLCND131D265.acct04.us.lmco.com CRRHP0010I File C:\Users\watsonjc\Documents\Work Folder\CE&T\Systems Modeling COE\OMG\SysML Roadmap\SystemsEngDevelopmentEnv\SysEngDevEnv.rpw 
 Error (line 464) - Found unexpected or superfluous Attribute mapOslcRmActiveCollections. 


2014-08-21 09:53:33.258-04:00 MTNLCND131D265.acct04.us.lmco.com CRRHP0010I File C:\Users\watsonjc\Documents\Work Folder\CE&T\Systems Modeling COE\OMG\SysML Roadmap\SystemsEngDevelopmentEnv\SysEngDevEnv.rpw 
 Error (line 468) - Attempt to read a token past end of file


2014-08-21 09:53:33.258-04:00 MTNLCND131D265.acct04.us.lmco.com CRRHP0010I File C:\Users\watsonjc\Documents\Work Folder\CE&T\Systems Modeling COE\OMG\SysML Roadmap\SystemsEngDevelopmentEnv\SysEngDevEnv.rpw 
 Error (line 468) - Attempt to read a token past end of file


2014-08-21 09:53:33.258-04:00 MTNLCND131D265.acct04.us.lmco.com CRRHP0010I File C:\Users\watsonjc\Documents\Work Folder\CE&T\Systems Modeling COE\OMG\SysML Roadmap\SystemsEngDevelopmentEnv\SysEngDevEnv.rpw 
 Error (line 468) - Attempt to read a token past end of file


2014-08-21 09:53:33.258-04:00 MTNLCND131D265.acct04.us.lmco.com CRRHP0010I File C:\Users\watsonjc\Documents\Work Folder\CE&T\Systems Modeling COE\OMG\SysML Roadmap\SystemsEngDevelopmentEnv\SysEngDevEnv.rpw 
 Error (line 468) - Attempt to read a token past end of file


2014-08-21 09:53:33.258-04:00 MTNLCND131D265.acct04.us.lmco.com CRRHP0010I File C:\Users\watsonjc\Documents\Work Folder\CE&T\Systems Modeling COE\OMG\SysML Roadmap\SystemsEngDevelopmentEnv\SysEngDevEnv.rpw 
 Error (line 468) - Attempt to read a token past end of file


2014-08-21 09:53:33.258-04:00 MTNLCND131D265.acct04.us.lmco.com CRRHP0010I File C:\Users\watsonjc\Documents\Work Folder\CE&T\Systems Modeling COE\OMG\SysML Roadmap\SystemsEngDevelopmentEnv\SysEngDevEnv.rpw 
 Error (line 468) - Attempt to read a token past end of file


2014-08-21 09:53:33.258-04:00 MTNLCND131D265.acct04.us.lmco.com CRRHP0010I File C:\Users\watsonjc\Documents\Work Folder\CE&T\Systems Modeling COE\OMG\SysML Roadmap\SystemsEngDevelopmentEnv\SysEngDevEnv.rpw 
 Error (line 468) - Attempt to read a token past end of file


2014-08-21 09:53:33.258-04:00 MTNLCND131D265.acct04.us.lmco.com CRRHP0010I File C:\Users\watsonjc\Documents\Work Folder\CE&T\Systems Modeling COE\OMG\SysML Roadmap\SystemsEngDevelopmentEnv\SysEngDevEnv.rpw 
 Error (line 468) - Attempt to read a token past end of file


2014-08-21 09:53:33.258-04:00 MTNLCND131D265.acct04.us.lmco.com CRRHP0010I File C:\Users\watsonjc\Documents\Work Folder\CE&T\Systems Modeling COE\OMG\SysML Roadmap\SystemsEngDevelopmentEnv\SysEngDevEnv.rpw 
 Error (line 468) - Attempt to read a token past end of file


2014-08-21 09:53:33.258-04:00 MTNLCND131D265.acct04.us.lmco.com CRRHP0010I File C:\Users\watsonjc\Documents\Work Folder\CE&T\Systems Modeling COE\OMG\SysML Roadmap\SystemsEngDevelopmentEnv\SysEngDevEnv.rpw 
 Error (line 468) - Attempt to read a token past end of file


2014-08-21 09:53:33.258-04:00 MTNLCND131D265.acct04.us.lmco.com CRRHP0010I File C:\Users\watsonjc\Documents\Work Folder\CE&T\Systems Modeling COE\OMG\SysML Roadmap\SystemsEngDevelopmentEnv\SysEngDevEnv.rpw 
 Error (line 468) - Attempt to read a token past end of file


2014-08-21 09:53:33.258-04:00 MTNLCND131D265.acct04.us.lmco.com CRRHP0010I File C:\Users\watsonjc\Documents\Work Folder\CE&T\Systems Modeling COE\OMG\SysML Roadmap\SystemsEngDevelopmentEnv\SysEngDevEnv.rpw 
 Error (line 468) - Attempt to read a token past end of file


2014-08-21 09:53:33.258-04:00 MTNLCND131D265.acct04.us.lmco.com CRRHP0010I File C:\Users\watsonjc\Documents\Work Folder\CE&T\Systems Modeling COE\OMG\SysML Roadmap\SystemsEngDevelopmentEnv\SysEngDevEnv.rpw 
 Error (line 468) - Attempt to read a token past end of file


2014-08-21 09:53:33.258-04:00 MTNLCND131D265.acct04.us.lmco.com CRRHP0010I File C:\Users\watsonjc\Documents\Work Folder\CE&T\Systems Modeling COE\OMG\SysML Roadmap\SystemsEngDevelopmentEnv\SysEngDevEnv.rpw 
 Error (line 468) - Attempt to read a token past end of file


2014-08-21 09:53:33.258-04:00 MTNLCND131D265.acct04.us.lmco.com CRRHP0010I File C:\Users\watsonjc\Documents\Work Folder\CE&T\Systems Modeling COE\OMG\SysML Roadmap\SystemsEngDevelopmentEnv\SysEngDevEnv.rpw 
 Error (line 468) - Attempt to read a token past end of file


2014-08-21 09:53:33.258-04:00 MTNLCND131D265.acct04.us.lmco.com CRRHP0010I File C:\Users\watsonjc\Documents\Work Folder\CE&T\Systems Modeling COE\OMG\SysML Roadmap\SystemsEngDevelopmentEnv\SysEngDevEnv.rpw 
 Error (line 468) - Attempt to read a token past end of file


2014-08-21 09:53:33.258-04:00 MTNLCND131D265.acct04.us.lmco.com CRRHP0010I File C:\Users\watsonjc\Documents\Work Folder\CE&T\Systems Modeling COE\OMG\SysML Roadmap\SystemsEngDevelopmentEnv\SysEngDevEnv.rpw 
 Error (line 468) - Attempt to read a token past end of file


2014-08-21 09:53:33.258-04:00 MTNLCND131D265.acct04.us.lmco.com CRRHP0010I File C:\Users\watsonjc\Documents\Work Folder\CE&T\Systems Modeling COE\OMG\SysML Roadmap\SystemsEngDevelopmentEnv\SysEngDevEnv.rpw 
 Error (line 468) - Attempt to read a token past end of file


2014-08-21 09:53:33.258-04:00 MTNLCND131D265.acct04.us.lmco.com CRRHP0010I File C:\Users\watsonjc\Documents\Work Folder\CE&T\Systems Modeling COE\OMG\SysML Roadmap\SystemsEngDevelopmentEnv\SysEngDevEnv.rpw 
 Error (line 468) - Attempt to read a token past end of file


2014-08-21 09:53:33.258-04:00 MTNLCND131D265.acct04.us.lmco.com CRRHP0010I File C:\Users\watsonjc\Documents\Work Folder\CE&T\Systems Modeling COE\OMG\SysML Roadmap\SystemsEngDevelopmentEnv\SysEngDevEnv.rpw 
 Error (line 468) - Attempt to read a token past end of file


2014-08-21 09:53:33.274-04:00 MTNLCND131D265.acct04.us.lmco.com CRRHP0010I File C:\Users\watsonjc\Documents\Work Folder\CE&T\Systems Modeling COE\OMG\SysML Roadmap\SystemsEngDevelopmentEnv\SysEngDevEnv.rpw 
 Error (line 468) - Attempt to read a token past end of file


2014-08-21 09:53:33.274-04:00 MTNLCND131D265.acct04.us.lmco.com CRRHP0010I File C:\Users\watsonjc\Documents\Work Folder\CE&T\Systems Modeling COE\OMG\SysML Roadmap\SystemsEngDevelopmentEnv\SysEngDevEnv.rpw 
 Error (line 468) - Attempt to read a token past end of file


2014-08-21 09:53:33.274-04:00 MTNLCND131D265.acct04.us.lmco.com CRRHP0010I File C:\Users\watsonjc\Documents\Work Folder\CE&T\Systems Modeling COE\OMG\SysML Roadmap\SystemsEngDevelopmentEnv\SysEngDevEnv.rpw 
 Error (line 468) - Attempt to read a token past end of file


2014-08-21 09:53:33.274-04:00 MTNLCND131D265.acct04.us.lmco.com CRRHP0010I File C:\Users\watsonjc\Documents\Work Folder\CE&T\Systems Modeling COE\OMG\SysML Roadmap\SystemsEngDevelopmentEnv\SysEngDevEnv.rpw 
 Error (line 468) - Attempt to read a token past end of file


2014-08-21 09:53:33.274-04:00 MTNLCND131D265.acct04.us.lmco.com CRRHP0010I File C:\Users\watsonjc\Documents\Work Folder\CE&T\Systems Modeling COE\OMG\SysML Roadmap\SystemsEngDevelopmentEnv\SysEngDevEnv.rpw 
 Error (line 468) - Attempt to read a token past end of file


2014-08-21 09:53:33.274-04:00 MTNLCND131D265.acct04.us.lmco.com CRRHP0010I File C:\Users\watsonjc\Documents\Work Folder\CE&T\Systems Modeling COE\OMG\SysML Roadmap\SystemsEngDevelopmentEnv\SysEngDevEnv.rpw 
 Error (line 468) - Attempt to read a token past end of file


2014-08-21 09:53:33.274-04:00 MTNLCND131D265.acct04.us.lmco.com CRRHP0010I File C:\Users\watsonjc\Documents\Work Folder\CE&T\Systems Modeling COE\OMG\SysML Roadmap\SystemsEngDevelopmentEnv\SysEngDevEnv.rpw 
 Error (line 468) - Attempt to read a token past end of file


2014-08-21 09:53:33.274-04:00 MTNLCND131D265.acct04.us.lmco.com CRRHP0010I File C:\Users\watsonjc\Documents\Work Folder\CE&T\Systems Modeling COE\OMG\SysML Roadmap\SystemsEngDevelopmentEnv\SysEngDevEnv.rpw 
 Error (line 468) - Attempt to read a token past end of file


2014-08-21 09:53:33.274-04:00 MTNLCND131D265.acct04.us.lmco.com CRRHP0010I File C:\Users\watsonjc\Documents\Work Folder\CE&T\Systems Modeling COE\OMG\SysML Roadmap\SystemsEngDevelopmentEnv\SysEngDevEnv.rpw 
 Error (line 468) - Attempt to read a token past end of file


2014-08-21 09:53:33.274-04:00 MTNLCND131D265.acct04.us.lmco.com CRRHP0010I File C:\Users\watsonjc\Documents\Work Folder\CE&T\Systems Modeling COE\OMG\SysML Roadmap\SystemsEngDevelopmentEnv\SysEngDevEnv.rpw 
 Error (line 468) - Attempt to read a token past end of file


2014-08-21 09:53:33.274-04:00 MTNLCND131D265.acct04.us.lmco.com CRRHP0010I File C:\Users\watsonjc\Documents\Work Folder\CE&T\Systems Modeling COE\OMG\SysML Roadmap\SystemsEngDevelopmentEnv\SysEngDevEnv.rpw 
 Error (line 468) - Attempt to read a token past end of file


2014-08-21 09:53:33.274-04:00 MTNLCND131D265.acct04.us.lmco.com CRRHP0010I File C:\Users\watsonjc\Documents\Work Folder\CE&T\Systems Modeling COE\OMG\SysML Roadmap\SystemsEngDevelopmentEnv\SysEngDevEnv.rpw 
 Error (line 468) - Attempt to read a token past end of file


2014-08-21 09:53:33.274-04:00 MTNLCND131D265.acct04.us.lmco.com CRRHP0010I File C:\Users\watsonjc\Documents\Work Folder\CE&T\Systems Modeling COE\OMG\SysML Roadmap\SystemsEngDevelopmentEnv\SysEngDevEnv.rpw 
 Error (line 468) - Attempt to read a token past end of file


2014-08-21 09:53:33.274-04:00 MTNLCND131D265.acct04.us.lmco.com CRRHP0010I File C:\Users\watsonjc\Documents\Work Folder\CE&T\Systems Modeling COE\OMG\SysML Roadmap\SystemsEngDevelopmentEnv\SysEngDevEnv.rpw 
 Error (line 468) - Attempt to read a token past end of file


2014-08-21 09:53:33.274-04:00 MTNLCND131D265.acct04.us.lmco.com CRRHP0010I File C:\Users\watsonjc\Documents\Work Folder\CE&T\Systems Modeling COE\OMG\SysML Roadmap\SystemsEngDevelopmentEnv\SysEngDevEnv.rpw 
 Error (line 468) - Attempt to read a token past end of file


2014-08-21 09:53:33.274-04:00 MTNLCND131D265.acct04.us.lmco.com CRRHP0010I File C:\Users\watsonjc\Documents\Work Folder\CE&T\Systems Modeling COE\OMG\SysML Roadmap\SystemsEngDevelopmentEnv\SysEngDevEnv.rpw 
 Error (line 468) - Attempt to read a token past end of file


